1627176680696	geckodriver	INFO	Listening on 127.0.0.1:51522
1627176683733	mozrunner::runner	INFO	Running command: "C:\\Program Files\\Mozilla Firefox\\firefox.exe" "--marionette" "-foreground" "-no-remote" "-profile" "C:\\Users\\PCSE\\AppData\\Local\\Temp\\rust_mozprofile37Z19w"
1627176822028	geckodriver	INFO	Listening on 127.0.0.1:64453
1627176825091	mozrunner::runner	INFO	Running command: "C:\\Program Files\\Mozilla Firefox\\firefox.exe" "--marionette" "-foreground" "-no-remote" "-profile" "C:\\Users\\PCSE\\AppData\\Local\\Temp\\rust_mozprofile8vWm33"
1627176825456	Marionette	INFO	Marionette enabled
console.warn: SearchSettings: "get: No settings file exists, new profile?" (new NotFoundError("Could not open the file at C:\\Users\\PCSE\\AppData\\Local\\Temp\\rust_mozprofile8vWm33\\search.json.mozlz4", (void 0)))
1627176829100	Marionette	INFO	Listening on port 64462
1627176829905	Marionette	WARN	TLS certificate errors will be ignored for this session
1627176830012	Marionette	INFO	Stopped listening on port 64462
[Parent 71196, IPC I/O Parent] WARNING: file /builds/worker/checkouts/gecko/ipc/chromium/src/base/process_util_win.cc:167
JavaScript error: resource://gre/modules/JSONFile.jsm, line 196: Error: Data is not ready.
console.log: "RemoteSettingsWorker error: Error: Can't import when we've started shutting down."
console.log: "RemoteSettingsWorker error: Error: Can't import when we've started shutting down."
console.log: "RemoteSettingsWorker error: Error: Can't import when we've started shutting down."
console.error: "Could not load engine baidu@search.mozilla.org: [Exception... \"AddonManager is not initialized\"  nsresult: \"0xc1f30001 (NS_ERROR_NOT_INITIALIZED)\"  location: \"JS frame :: resource://gre/modules/AddonManager.jsm :: installBuiltinAddon :: line 2536\"  data: no]"
console.error: "Could not load engine bing@search.mozilla.org: [Exception... \"AddonManager is not initialized\"  nsresult: \"0xc1f30001 (NS_ERROR_NOT_INITIALIZED)\"  location: \"JS frame :: resource://gre/modules/AddonManager.jsm :: installBuiltinAddon :: line 2536\"  data: no]"
console.error: "Could not load engine google@search.mozilla.org: [Exception... \"AddonManager is not initialized\"  nsresult: \"0xc1f30001 (NS_ERROR_NOT_INITIALIZED)\"  location: \"JS frame :: resource://gre/modules/AddonManager.jsm :: installBuiltinAddon :: line 2536\"  data: no]"
console.error: "Could not load engine wikipedia@search.mozilla.org: [Exception... \"AddonManager is not initialized\"  nsresult: \"0xc1f30001 (NS_ERROR_NOT_INITIALIZED)\"  location: \"JS frame :: resource://gre/modules/AddonManager.jsm :: installBuiltinAddon :: line 2536\"  data: no]"
console.error: "Could not load engine ddg@search.mozilla.org: [Exception... \"AddonManager is not initialized\"  nsresult: \"0xc1f30001 (NS_ERROR_NOT_INITIALIZED)\"  location: \"JS frame :: resource://gre/modules/AddonManager.jsm :: installBuiltinAddon :: line 2536\"  data: no]"
console.warn: SearchService: "_init: abandoning init due to shutting down"
JavaScript error: resource://gre/modules/AsyncShutdown.jsm, line 575: uncaught exception: 2147500036
JavaScript error: resource://gre/modules/AsyncShutdown.jsm, line 575: uncaught exception: 2147500036
console.log: "RemoteSettingsWorker error: Error: Can't import when we've started shutting down."
JavaScript error: resource://gre/modules/AsyncShutdown.jsm, line 575: uncaught exception: 2147500036
JavaScript error: resource://gre/modules/AsyncShutdown.jsm, line 575: uncaught exception: 2147500036
JavaScript error: resource://gre/modules/AsyncShutdown.jsm, line 575: uncaught exception: 2147500036
JavaScript error: resource://gre/modules/AsyncShutdown.jsm, line 575: uncaught exception: 2147500036
console.log: "RemoteSettingsWorker error: Error: Can't import when we've started shutting down."
JavaScript error: resource://gre/modules/AsyncShutdown.jsm, line 575: uncaught exception: 2147500036
JavaScript error: resource://gre/modules/AsyncShutdown.jsm, line 575: uncaught exception: 2147500036
JavaScript error: resource://gre/modules/AsyncShutdown.jsm, line 575: uncaught exception: 2147500036
JavaScript error: resource://gre/modules/AsyncShutdown.jsm, line 718: Error: Phase "profile-before-change" is finished, it is too late to register completion condition "DoHController: clear state and remove observers"
console.error: PushService: 
  stateChangeProcessEnqueue: Error transitioning state
  AbortError
console.error: PushService: 
  clearOriginData: Error clearing origin data:
  AbortError

###!!! [Child][RunMessage] Error: Channel closing: too late to send/recv, messages will be lost

1627176909484	geckodriver	INFO	Listening on 127.0.0.1:64671
1627176912545	mozrunner::runner	INFO	Running command: "C:\\Program Files\\Mozilla Firefox\\firefox.exe" "--marionette" "-foreground" "-no-remote" "-profile" "C:\\Users\\PCSE\\AppData\\Local\\Temp\\rust_mozprofileDptzng"
1627176912881	Marionette	INFO	Marionette enabled
console.warn: SearchSettings: "get: No settings file exists, new profile?" (new NotFoundError("Could not open the file at C:\\Users\\PCSE\\AppData\\Local\\Temp\\rust_mozprofileDptzng\\search.json.mozlz4", (void 0)))
1627176916404	Marionette	INFO	Listening on port 64683
1627176917365	Marionette	WARN	TLS certificate errors will be ignored for this session
console.error: services.settings: 
  main/doh-providers Signature failed  InvalidSignatureError: Invalid content signature (main/doh-providers)
console.error: services.settings: 
  main/doh-providers local data was corrupted
console.warn: services.settings: main/doh-providers Signature verified failed. Retry from scratch
console.error: services.settings: 
  main/doh-config Signature failed  InvalidSignatureError: Invalid content signature (main/doh-config)
console.error: services.settings: 
  main/doh-config local data was corrupted
console.warn: services.settings: main/doh-config Signature verified failed. Retry from scratch
console.log: WebExtensions: reset-default-search: starting.
console.log: WebExtensions: reset-default-search: No addons in our list are installed.
[Parent 43588, IPC I/O Parent] WARNING: file /builds/worker/checkouts/gecko/ipc/chromium/src/base/process_util_win.cc:167
1627177857207	Marionette	INFO	Stopped listening on port 64683

###!!! [Child][RunMessage] Error: Channel closing: too late to send/recv, messages will be lost

1627178507140	geckodriver	INFO	Listening on 127.0.0.1:54933
1627178510173	mozrunner::runner	INFO	Running command: "C:\\Program Files\\Mozilla Firefox\\firefox.exe" "--marionette" "-foreground" "-no-remote" "-profile" "C:\\Users\\PCSE\\AppData\\Local\\Temp\\rust_mozprofileAuilTz"
1627178510515	Marionette	INFO	Marionette enabled
console.warn: SearchSettings: "get: No settings file exists, new profile?" (new NotFoundError("Could not open the file at C:\\Users\\PCSE\\AppData\\Local\\Temp\\rust_mozprofileAuilTz\\search.json.mozlz4", (void 0)))
1627178514133	Marionette	INFO	Listening on port 55302
1627178515016	Marionette	WARN	TLS certificate errors will be ignored for this session
console.error: services.settings: 
  main/doh-providers Signature failed  InvalidSignatureError: Invalid content signature (main/doh-providers)
console.error: services.settings: 
  main/doh-providers local data was corrupted
console.warn: services.settings: main/doh-providers Signature verified failed. Retry from scratch
console.error: services.settings: 
  main/doh-config Signature failed  InvalidSignatureError: Invalid content signature (main/doh-config)
console.error: services.settings: 
  main/doh-config local data was corrupted
console.warn: services.settings: main/doh-config Signature verified failed. Retry from scratch
console.log: WebExtensions: reset-default-search: starting.
console.log: WebExtensions: reset-default-search: No addons in our list are installed.
1627179227987	Marionette	INFO	Stopped listening on port 55302

###!!! [Child][RunMessage] Error: Channel closing: too late to send/recv, messages will be lost

1627179234765	geckodriver	INFO	Listening on 127.0.0.1:60102
1627179237801	mozrunner::runner	INFO	Running command: "C:\\Program Files\\Mozilla Firefox\\firefox.exe" "--marionette" "-foreground" "-no-remote" "-profile" "C:\\Users\\PCSE\\AppData\\Local\\Temp\\rust_mozprofileYpqiTw"
1627179238119	Marionette	INFO	Marionette enabled
console.warn: SearchSettings: "get: No settings file exists, new profile?" (new NotFoundError("Could not open the file at C:\\Users\\PCSE\\AppData\\Local\\Temp\\rust_mozprofileYpqiTw\\search.json.mozlz4", (void 0)))
1627179241462	Marionette	INFO	Listening on port 60112

###!!! [Child][MessageChannel] Error: (msgtype=0x39009A,name=PContent::Msg_InitBackground) Channel closing: too late to send/recv, messages will be lost

1627179242623	Marionette	WARN	TLS certificate errors will be ignored for this session
[Parent 58512, IPC I/O Parent] WARNING: file /builds/worker/checkouts/gecko/ipc/chromium/src/base/process_util_win.cc:167
1627179257867	Marionette	INFO	Stopped listening on port 60112
1627179276082	geckodriver	INFO	Listening on 127.0.0.1:60187
1627179279124	mozrunner::runner	INFO	Running command: "C:\\Program Files\\Mozilla Firefox\\firefox.exe" "--marionette" "-foreground" "-no-remote" "-profile" "C:\\Users\\PCSE\\AppData\\Local\\Temp\\rust_mozprofilevQ0dG4"
1627179279579	Marionette	INFO	Marionette enabled
console.warn: SearchSettings: "get: No settings file exists, new profile?" (new NotFoundError("Could not open the file at C:\\Users\\PCSE\\AppData\\Local\\Temp\\rust_mozprofilevQ0dG4\\search.json.mozlz4", (void 0)))
1627179282481	Marionette	INFO	Listening on port 60199
1627179283450	Marionette	WARN	TLS certificate errors will be ignored for this session
console.error: services.settings: 
  main/doh-providers Signature failed  InvalidSignatureError: Invalid content signature (main/doh-providers)
console.error: services.settings: 
  main/doh-providers local data was corrupted
console.warn: services.settings: main/doh-providers Signature verified failed. Retry from scratch
console.error: services.settings: 
  main/doh-config Signature failed  InvalidSignatureError: Invalid content signature (main/doh-config)
console.error: services.settings: 
  main/doh-config local data was corrupted
console.warn: services.settings: main/doh-config Signature verified failed. Retry from scratch
1627179768503	Marionette	INFO	Stopped listening on port 60199

###!!! [Child][RunMessage] Error: Channel closing: too late to send/recv, messages will be lost

1627179808056	geckodriver	INFO	Listening on 127.0.0.1:58729
1627179811096	mozrunner::runner	INFO	Running command: "C:\\Program Files\\Mozilla Firefox\\firefox.exe" "--marionette" "-foreground" "-no-remote" "-profile" "C:\\Users\\PCSE\\AppData\\Local\\Temp\\rust_mozprofilesuSEHQ"
1627179811449	Marionette	INFO	Marionette enabled
console.warn: SearchSettings: "get: No settings file exists, new profile?" (new NotFoundError("Could not open the file at C:\\Users\\PCSE\\AppData\\Local\\Temp\\rust_mozprofilesuSEHQ\\search.json.mozlz4", (void 0)))
1627179814600	Marionette	INFO	Listening on port 58739
1627179814723	Marionette	WARN	TLS certificate errors will be ignored for this session
1627180130175	Marionette	INFO	Stopped listening on port 58739

###!!! [Child][RunMessage] Error: Channel closing: too late to send/recv, messages will be lost

1627180141206	geckodriver	INFO	Listening on 127.0.0.1:64838
1627180144253	mozrunner::runner	INFO	Running command: "C:\\Program Files\\Mozilla Firefox\\firefox.exe" "--marionette" "-foreground" "-no-remote" "-profile" "C:\\Users\\PCSE\\AppData\\Local\\Temp\\rust_mozprofileWBWaRe"
1627180144530	Marionette	INFO	Marionette enabled
console.warn: SearchSettings: "get: No settings file exists, new profile?" (new NotFoundError("Could not open the file at C:\\Users\\PCSE\\AppData\\Local\\Temp\\rust_mozprofileWBWaRe\\search.json.mozlz4", (void 0)))
1627180148000	Marionette	INFO	Listening on port 64849
1627180149081	Marionette	WARN	TLS certificate errors will be ignored for this session
1627180255787	Marionette	INFO	Stopped listening on port 64849

###!!! [Child][RunMessage] Error: Channel closing: too late to send/recv, messages will be lost

1627180269973	geckodriver	INFO	Listening on 127.0.0.1:65005
1627180273010	mozrunner::runner	INFO	Running command: "C:\\Program Files\\Mozilla Firefox\\firefox.exe" "--marionette" "-foreground" "-no-remote" "-profile" "C:\\Users\\PCSE\\AppData\\Local\\Temp\\rust_mozprofilez4YlUY"
1627180273501	Marionette	INFO	Marionette enabled
console.warn: SearchSettings: "get: No settings file exists, new profile?" (new NotFoundError("Could not open the file at C:\\Users\\PCSE\\AppData\\Local\\Temp\\rust_mozprofilez4YlUY\\search.json.mozlz4", (void 0)))
1627180277486	Marionette	INFO	Listening on port 65015
1627180278625	Marionette	WARN	TLS certificate errors will be ignored for this session
1627180437670	Marionette	INFO	Stopped listening on port 65015

###!!! [Child][RunMessage] Error: Channel closing: too late to send/recv, messages will be lost

1627180449247	geckodriver	INFO	Listening on 127.0.0.1:60541
1627180452314	mozrunner::runner	INFO	Running command: "C:\\Program Files\\Mozilla Firefox\\firefox.exe" "--marionette" "-foreground" "-no-remote" "-profile" "C:\\Users\\PCSE\\AppData\\Local\\Temp\\rust_mozprofileutQTnY"
1627180452754	Marionette	INFO	Marionette enabled
console.warn: SearchSettings: "get: No settings file exists, new profile?" (new NotFoundError("Could not open the file at C:\\Users\\PCSE\\AppData\\Local\\Temp\\rust_mozprofileutQTnY\\search.json.mozlz4", (void 0)))
1627180456295	Marionette	INFO	Listening on port 60551
1627180456637	Marionette	WARN	TLS certificate errors will be ignored for this session
console.error: services.settings: 
  main/doh-providers Signature failed  InvalidSignatureError: Invalid content signature (main/doh-providers)
console.error: services.settings: 
  main/doh-providers local data was corrupted
console.warn: services.settings: main/doh-providers Signature verified failed. Retry from scratch
console.error: services.settings: 
  main/doh-config Signature failed  InvalidSignatureError: Invalid content signature (main/doh-config)
console.error: services.settings: 
  main/doh-config local data was corrupted
console.warn: services.settings: main/doh-config Signature verified failed. Retry from scratch
console.log: WebExtensions: reset-default-search: starting.
console.log: WebExtensions: reset-default-search: No addons in our list are installed.
[Parent 68304, IPC I/O Parent] WARNING: file /builds/worker/checkouts/gecko/ipc/chromium/src/base/process_util_win.cc:167
1627181638460	Marionette	INFO	Stopped listening on port 60551

###!!! [Child][RunMessage] Error: Channel closing: too late to send/recv, messages will be lost

1627181646816	geckodriver	INFO	Listening on 127.0.0.1:63216
1627181649874	mozrunner::runner	INFO	Running command: "C:\\Program Files\\Mozilla Firefox\\firefox.exe" "--marionette" "-foreground" "-no-remote" "-profile" "C:\\Users\\PCSE\\AppData\\Local\\Temp\\rust_mozprofilePldIsJ"
1627181650268	Marionette	INFO	Marionette enabled
console.warn: SearchSettings: "get: No settings file exists, new profile?" (new NotFoundError("Could not open the file at C:\\Users\\PCSE\\AppData\\Local\\Temp\\rust_mozprofilePldIsJ\\search.json.mozlz4", (void 0)))
1627181653322	Marionette	INFO	Listening on port 63226

###!!! [Child][MessageChannel] Error: (msgtype=0x39009A,name=PContent::Msg_InitBackground) Channel closing: too late to send/recv, messages will be lost

1627181654402	Marionette	WARN	TLS certificate errors will be ignored for this session
1627181703898	Marionette	INFO	Stopped listening on port 63226
1627181712412	geckodriver	INFO	Listening on 127.0.0.1:63321
1627181715462	mozrunner::runner	INFO	Running command: "C:\\Program Files\\Mozilla Firefox\\firefox.exe" "--marionette" "-foreground" "-no-remote" "-profile" "C:\\Users\\PCSE\\AppData\\Local\\Temp\\rust_mozprofilenkcG6C"
1627181715836	Marionette	INFO	Marionette enabled
console.warn: SearchSettings: "get: No settings file exists, new profile?" (new NotFoundError("Could not open the file at C:\\Users\\PCSE\\AppData\\Local\\Temp\\rust_mozprofilenkcG6C\\search.json.mozlz4", (void 0)))
1627181718882	Marionette	INFO	Listening on port 63331
1627181719488	Marionette	WARN	TLS certificate errors will be ignored for this session
1627182077217	Marionette	INFO	Stopped listening on port 63331

###!!! [Child][RunMessage] Error: Channel closing: too late to send/recv, messages will be lost

1627182095580	geckodriver	INFO	Listening on 127.0.0.1:56500
1627182098622	mozrunner::runner	INFO	Running command: "C:\\Program Files\\Mozilla Firefox\\firefox.exe" "--marionette" "-foreground" "-no-remote" "-profile" "C:\\Users\\PCSE\\AppData\\Local\\Temp\\rust_mozprofilehQMzoM"
1627182098968	Marionette	INFO	Marionette enabled
console.warn: SearchSettings: "get: No settings file exists, new profile?" (new NotFoundError("Could not open the file at C:\\Users\\PCSE\\AppData\\Local\\Temp\\rust_mozprofilehQMzoM\\search.json.mozlz4", (void 0)))
1627182102179	Marionette	INFO	Listening on port 56512
1627182102314	Marionette	WARN	TLS certificate errors will be ignored for this session
1627182161448	Marionette	INFO	Stopped listening on port 56512
1627182172320	geckodriver	INFO	Listening on 127.0.0.1:62375
1627182175359	mozrunner::runner	INFO	Running command: "C:\\Program Files\\Mozilla Firefox\\firefox.exe" "--marionette" "-foreground" "-no-remote" "-profile" "C:\\Users\\PCSE\\AppData\\Local\\Temp\\rust_mozprofile1tbwGe"
1627182175769	Marionette	INFO	Marionette enabled
console.warn: SearchSettings: "get: No settings file exists, new profile?" (new NotFoundError("Could not open the file at C:\\Users\\PCSE\\AppData\\Local\\Temp\\rust_mozprofile1tbwGe\\search.json.mozlz4", (void 0)))
1627182179106	Marionette	INFO	Listening on port 62387
1627182180172	Marionette	WARN	TLS certificate errors will be ignored for this session
1627182420198	Marionette	INFO	Stopped listening on port 62387

###!!! [Child][RunMessage] Error: Channel closing: too late to send/recv, messages will be lost

1627184104600	geckodriver	INFO	Listening on 127.0.0.1:55359
1627184107639	mozrunner::runner	INFO	Running command: "C:\\Program Files\\Mozilla Firefox\\firefox.exe" "--marionette" "-foreground" "-no-remote" "-profile" "C:\\Users\\PCSE\\AppData\\Local\\Temp\\rust_mozprofileephmTy"
1627184108132	Marionette	INFO	Marionette enabled
console.warn: SearchSettings: "get: No settings file exists, new profile?" (new NotFoundError("Could not open the file at C:\\Users\\PCSE\\AppData\\Local\\Temp\\rust_mozprofileephmTy\\search.json.mozlz4", (void 0)))
1627184111737	Marionette	INFO	Listening on port 55369
1627184112455	Marionette	WARN	TLS certificate errors will be ignored for this session
console.warn: "Resource  of root-node was not found."
NetworkHelper.getReasonsForWeakness threw an exception: STATE_IS_BROKEN without a known reason. Full state was: 1
console.error: "STATE_IS_BROKEN without a known reason. Full state was: 1"
NetworkHelper.getReasonsForWeakness threw an exception: STATE_IS_BROKEN without a known reason. Full state was: 1
console.error: "STATE_IS_BROKEN without a known reason. Full state was: 1"
NetworkHelper.getReasonsForWeakness threw an exception: STATE_IS_BROKEN without a known reason. Full state was: 1
console.error: "STATE_IS_BROKEN without a known reason. Full state was: 1"
NetworkHelper.getReasonsForWeakness threw an exception: STATE_IS_BROKEN without a known reason. Full state was: 1
console.error: "STATE_IS_BROKEN without a known reason. Full state was: 1"
console.error: "Error while calling actor 'pagestyle's method 'getLayout'" "node is null"
console.error: (new TypeError("node is null", "resource://devtools/server/actors/page-style.js", 1001))
console.error: (new Error("Protocol error (TypeError): node is null from: server0.conn0.child4/pagestyle24 (resource://devtools/server/actors/page-style.js:1001:5)", "resource://devtools/shared/protocol/Front.js", 365))
NetworkHelper.getReasonsForWeakness threw an exception: STATE_IS_BROKEN without a known reason. Full state was: 1
console.error: "STATE_IS_BROKEN without a known reason. Full state was: 1"
NetworkHelper.getReasonsForWeakness threw an exception: STATE_IS_BROKEN without a known reason. Full state was: 1
console.error: "STATE_IS_BROKEN without a known reason. Full state was: 1"
console.error: "Error while calling actor 'pagestyle's method 'getLayout'" "node is null"
console.error: (new TypeError("node is null", "resource://devtools/server/actors/page-style.js", 1001))
console.error: (new Error("Protocol error (TypeError): node is null from: server0.conn0.child4/pagestyle24 (resource://devtools/server/actors/page-style.js:1001:5)", "resource://devtools/shared/protocol/Front.js", 365))
console.error: "Error while calling actor 'pagestyle's method 'getLayout'" "node is null"
console.error: (new TypeError("node is null", "resource://devtools/server/actors/page-style.js", 1001))
console.error: (new Error("Protocol error (TypeError): node is null from: server0.conn0.child4/pagestyle24 (resource://devtools/server/actors/page-style.js:1001:5)", "resource://devtools/shared/protocol/Front.js", 365))
NetworkHelper.getReasonsForWeakness threw an exception: STATE_IS_BROKEN without a known reason. Full state was: 1
console.error: "STATE_IS_BROKEN without a known reason. Full state was: 1"
NetworkHelper.getReasonsForWeakness threw an exception: STATE_IS_BROKEN without a known reason. Full state was: 1
console.error: "STATE_IS_BROKEN without a known reason. Full state was: 1"
NetworkHelper.getReasonsForWeakness threw an exception: STATE_IS_BROKEN without a known reason. Full state was: 1
console.error: "STATE_IS_BROKEN without a known reason. Full state was: 1"
NetworkHelper.getReasonsForWeakness threw an exception: STATE_IS_BROKEN without a known reason. Full state was: 1
console.error: "STATE_IS_BROKEN without a known reason. Full state was: 1"
console.error: "Error while calling actor 'pagestyle's method 'getLayout'" "node is null"
console.error: (new TypeError("node is null", "resource://devtools/server/actors/page-style.js", 1001))
console.error: (new Error("Protocol error (TypeError): node is null from: server0.conn0.child4/pagestyle24 (resource://devtools/server/actors/page-style.js:1001:5)", "resource://devtools/shared/protocol/Front.js", 365))
NetworkHelper.getReasonsForWeakness threw an exception: STATE_IS_BROKEN without a known reason. Full state was: 1
console.error: "STATE_IS_BROKEN without a known reason. Full state was: 1"
NetworkHelper.getReasonsForWeakness threw an exception: STATE_IS_BROKEN without a known reason. Full state was: 1
console.error: "STATE_IS_BROKEN without a known reason. Full state was: 1"
console.error: "Error while calling actor 'pagestyle's method 'getLayout'" "node is null"
console.error: (new TypeError("node is null", "resource://devtools/server/actors/page-style.js", 1001))
console.error: (new Error("Protocol error (TypeError): node is null from: server0.conn0.child4/pagestyle24 (resource://devtools/server/actors/page-style.js:1001:5)", "resource://devtools/shared/protocol/Front.js", 365))
console.error: "Error while calling actor 'pagestyle's method 'getLayout'" "node is null"
console.error: (new TypeError("node is null", "resource://devtools/server/actors/page-style.js", 1001))
console.error: (new Error("Protocol error (TypeError): node is null from: server0.conn0.child4/pagestyle24 (resource://devtools/server/actors/page-style.js:1001:5)", "resource://devtools/shared/protocol/Front.js", 365))
console.error: "Error while calling actor 'pagestyle's method 'getLayout'" "node is null"
console.error: (new TypeError("node is null", "resource://devtools/server/actors/page-style.js", 1001))
console.error: (new Error("Protocol error (TypeError): node is null from: server0.conn0.child4/pagestyle24 (resource://devtools/server/actors/page-style.js:1001:5)", "resource://devtools/shared/protocol/Front.js", 365))
console.error: "Error while calling actor 'pagestyle's method 'getLayout'" "node is null"
console.error: (new TypeError("node is null", "resource://devtools/server/actors/page-style.js", 1001))
console.error: (new Error("Protocol error (TypeError): node is null from: server0.conn0.child4/pagestyle24 (resource://devtools/server/actors/page-style.js:1001:5)", "resource://devtools/shared/protocol/Front.js", 365))
NetworkHelper.getReasonsForWeakness threw an exception: STATE_IS_BROKEN without a known reason. Full state was: 1
console.error: "STATE_IS_BROKEN without a known reason. Full state was: 1"
NetworkHelper.getReasonsForWeakness threw an exception: STATE_IS_BROKEN without a known reason. Full state was: 1
console.error: "STATE_IS_BROKEN without a known reason. Full state was: 1"
NetworkHelper.getReasonsForWeakness threw an exception: STATE_IS_BROKEN without a known reason. Full state was: 1
console.error: "STATE_IS_BROKEN without a known reason. Full state was: 1"
NetworkHelper.getReasonsForWeakness threw an exception: STATE_IS_BROKEN without a known reason. Full state was: 1
console.error: "STATE_IS_BROKEN without a known reason. Full state was: 1"
NetworkHelper.getReasonsForWeakness threw an exception: STATE_IS_BROKEN without a known reason. Full state was: 1
console.error: "STATE_IS_BROKEN without a known reason. Full state was: 1"
NetworkHelper.getReasonsForWeakness threw an exception: STATE_IS_BROKEN without a known reason. Full state was: 1
console.error: "STATE_IS_BROKEN without a known reason. Full state was: 1"
NetworkHelper.getReasonsForWeakness threw an exception: STATE_IS_BROKEN without a known reason. Full state was: 1
console.error: "STATE_IS_BROKEN without a known reason. Full state was: 1"
NetworkHelper.getReasonsForWeakness threw an exception: STATE_IS_BROKEN without a known reason. Full state was: 1
console.error: "STATE_IS_BROKEN without a known reason. Full state was: 1"
NetworkHelper.getReasonsForWeakness threw an exception: STATE_IS_BROKEN without a known reason. Full state was: 1
console.error: "STATE_IS_BROKEN without a known reason. Full state was: 1"
NetworkHelper.getReasonsForWeakness threw an exception: STATE_IS_BROKEN without a known reason. Full state was: 1
console.error: "STATE_IS_BROKEN without a known reason. Full state was: 1"
NetworkHelper.getReasonsForWeakness threw an exception: STATE_IS_BROKEN without a known reason. Full state was: 1
console.error: "STATE_IS_BROKEN without a known reason. Full state was: 1"
NetworkHelper.getReasonsForWeakness threw an exception: STATE_IS_BROKEN without a known reason. Full state was: 1
console.error: "STATE_IS_BROKEN without a known reason. Full state was: 1"
NetworkHelper.getReasonsForWeakness threw an exception: STATE_IS_BROKEN without a known reason. Full state was: 1
console.error: "STATE_IS_BROKEN without a known reason. Full state was: 1"
console.error: "Error while calling actor 'pagestyle's method 'getLayout'" "node is null"
console.error: (new TypeError("node is null", "resource://devtools/server/actors/page-style.js", 1001))
console.error: (new Error("Protocol error (TypeError): node is null from: server0.conn0.child4/pagestyle24 (resource://devtools/server/actors/page-style.js:1001:5)", "resource://devtools/shared/protocol/Front.js", 365))
console.error: "Error while calling actor 'pagestyle's method 'getLayout'" "node is null"
console.error: (new TypeError("node is null", "resource://devtools/server/actors/page-style.js", 1001))
console.error: (new Error("Protocol error (TypeError): node is null from: server0.conn0.child4/pagestyle24 (resource://devtools/server/actors/page-style.js:1001:5)", "resource://devtools/shared/protocol/Front.js", 365))
console.error: "Error while calling actor 'pagestyle's method 'getLayout'" "node is null"
console.error: (new TypeError("node is null", "resource://devtools/server/actors/page-style.js", 1001))
console.error: (new Error("Protocol error (TypeError): node is null from: server0.conn0.child4/pagestyle24 (resource://devtools/server/actors/page-style.js:1001:5)", "resource://devtools/shared/protocol/Front.js", 365))
NetworkHelper.getReasonsForWeakness threw an exception: STATE_IS_BROKEN without a known reason. Full state was: 1
console.error: "STATE_IS_BROKEN without a known reason. Full state was: 1"
console.error: "Error while calling actor 'pagestyle's method 'getLayout'" "node is null"
console.error: (new TypeError("node is null", "resource://devtools/server/actors/page-style.js", 1001))
console.error: (new Error("Protocol error (TypeError): node is null from: server0.conn0.child4/pagestyle24 (resource://devtools/server/actors/page-style.js:1001:5)", "resource://devtools/shared/protocol/Front.js", 365))
NetworkHelper.getReasonsForWeakness threw an exception: STATE_IS_BROKEN without a known reason. Full state was: 1
console.error: "STATE_IS_BROKEN without a known reason. Full state was: 1"
NetworkHelper.getReasonsForWeakness threw an exception: STATE_IS_BROKEN without a known reason. Full state was: 1
console.error: "STATE_IS_BROKEN without a known reason. Full state was: 1"
NetworkHelper.getReasonsForWeakness threw an exception: STATE_IS_BROKEN without a known reason. Full state was: 1
console.error: "STATE_IS_BROKEN without a known reason. Full state was: 1"
NetworkHelper.getReasonsForWeakness threw an exception: STATE_IS_BROKEN without a known reason. Full state was: 1
console.error: "STATE_IS_BROKEN without a known reason. Full state was: 1"
NetworkHelper.getReasonsForWeakness threw an exception: STATE_IS_BROKEN without a known reason. Full state was: 1
console.error: "STATE_IS_BROKEN without a known reason. Full state was: 1"
NetworkHelper.getReasonsForWeakness threw an exception: STATE_IS_BROKEN without a known reason. Full state was: 1
console.error: "STATE_IS_BROKEN without a known reason. Full state was: 1"
NetworkHelper.getReasonsForWeakness threw an exception: STATE_IS_BROKEN without a known reason. Full state was: 1
console.error: "STATE_IS_BROKEN without a known reason. Full state was: 1"
NetworkHelper.getReasonsForWeakness threw an exception: STATE_IS_BROKEN without a known reason. Full state was: 1
console.error: "STATE_IS_BROKEN without a known reason. Full state was: 1"
NetworkHelper.getReasonsForWeakness threw an exception: STATE_IS_BROKEN without a known reason. Full state was: 1
console.error: "STATE_IS_BROKEN without a known reason. Full state was: 1"
NetworkHelper.getReasonsForWeakness threw an exception: STATE_IS_BROKEN without a known reason. Full state was: 1
console.error: "STATE_IS_BROKEN without a known reason. Full state was: 1"
NetworkHelper.getReasonsForWeakness threw an exception: STATE_IS_BROKEN without a known reason. Full state was: 1
console.error: "STATE_IS_BROKEN without a known reason. Full state was: 1"
NetworkHelper.getReasonsForWeakness threw an exception: STATE_IS_BROKEN without a known reason. Full state was: 1
console.error: "STATE_IS_BROKEN without a known reason. Full state was: 1"
1627184394262	Marionette	INFO	Stopped listening on port 55369
1627184814150	geckodriver	INFO	Listening on 127.0.0.1:55256
1627184817209	mozrunner::runner	INFO	Running command: "C:\\Program Files\\Mozilla Firefox\\firefox.exe" "--marionette" "-foreground" "-no-remote" "-profile" "C:\\Users\\PCSE\\AppData\\Local\\Temp\\rust_mozprofilew0VEkt"
1627184817570	Marionette	INFO	Marionette enabled
console.warn: SearchSettings: "get: No settings file exists, new profile?" (new NotFoundError("Could not open the file at C:\\Users\\PCSE\\AppData\\Local\\Temp\\rust_mozprofilew0VEkt\\search.json.mozlz4", (void 0)))
1627184821116	Marionette	INFO	Listening on port 55686
1627184822025	Marionette	WARN	TLS certificate errors will be ignored for this session
console.error: services.settings: 
  main/doh-providers Signature failed  InvalidSignatureError: Invalid content signature (main/doh-providers)
console.error: services.settings: 
  main/doh-providers local data was corrupted
console.warn: services.settings: main/doh-providers Signature verified failed. Retry from scratch
console.error: services.settings: 
  main/doh-config Signature failed  InvalidSignatureError: Invalid content signature (main/doh-config)
console.error: services.settings: 
  main/doh-config local data was corrupted
console.warn: services.settings: main/doh-config Signature verified failed. Retry from scratch
console.log: WebExtensions: reset-default-search: starting.
console.log: WebExtensions: reset-default-search: No addons in our list are installed.
NetworkHelper.getReasonsForWeakness threw an exception: STATE_IS_BROKEN without a known reason. Full state was: 1
console.error: "STATE_IS_BROKEN without a known reason. Full state was: 1"
NetworkHelper.getReasonsForWeakness threw an exception: STATE_IS_BROKEN without a known reason. Full state was: 1
console.error: "STATE_IS_BROKEN without a known reason. Full state was: 1"
NetworkHelper.getReasonsForWeakness threw an exception: STATE_IS_BROKEN without a known reason. Full state was: 1
console.error: "STATE_IS_BROKEN without a known reason. Full state was: 1"
NetworkHelper.getReasonsForWeakness threw an exception: STATE_IS_BROKEN without a known reason. Full state was: 1
console.error: "STATE_IS_BROKEN without a known reason. Full state was: 1"
NetworkHelper.getReasonsForWeakness threw an exception: STATE_IS_BROKEN without a known reason. Full state was: 1
console.error: "STATE_IS_BROKEN without a known reason. Full state was: 1"
NetworkHelper.getReasonsForWeakness threw an exception: STATE_IS_BROKEN without a known reason. Full state was: 1
console.error: "STATE_IS_BROKEN without a known reason. Full state was: 1"
NetworkHelper.getReasonsForWeakness threw an exception: STATE_IS_BROKEN without a known reason. Full state was: 1
console.error: "STATE_IS_BROKEN without a known reason. Full state was: 1"
NetworkHelper.getReasonsForWeakness threw an exception: STATE_IS_BROKEN without a known reason. Full state was: 1
console.error: "STATE_IS_BROKEN without a known reason. Full state was: 1"
NetworkHelper.getReasonsForWeakness threw an exception: STATE_IS_BROKEN without a known reason. Full state was: 1
console.error: "STATE_IS_BROKEN without a known reason. Full state was: 1"
NetworkHelper.getReasonsForWeakness threw an exception: STATE_IS_BROKEN without a known reason. Full state was: 1
console.error: "STATE_IS_BROKEN without a known reason. Full state was: 1"
NetworkHelper.getReasonsForWeakness threw an exception: STATE_IS_BROKEN without a known reason. Full state was: 1
console.error: "STATE_IS_BROKEN without a known reason. Full state was: 1"
NetworkHelper.getReasonsForWeakness threw an exception: STATE_IS_BROKEN without a known reason. Full state was: 1
console.error: "STATE_IS_BROKEN without a known reason. Full state was: 1"
NetworkHelper.getReasonsForWeakness threw an exception: STATE_IS_BROKEN without a known reason. Full state was: 1
console.error: "STATE_IS_BROKEN without a known reason. Full state was: 1"
1627187769975	Marionette	INFO	Stopped listening on port 55686

###!!! [Child][RunMessage] Error: Channel closing: too late to send/recv, messages will be lost

1627187788415	geckodriver	INFO	Listening on 127.0.0.1:59647
1627187791450	mozrunner::runner	INFO	Running command: "C:\\Program Files\\Mozilla Firefox\\firefox.exe" "--marionette" "-foreground" "-no-remote" "-profile" "C:\\Users\\PCSE\\AppData\\Local\\Temp\\rust_mozprofileFZur94"
1627187791807	Marionette	INFO	Marionette enabled
console.warn: SearchSettings: "get: No settings file exists, new profile?" (new NotFoundError("Could not open the file at C:\\Users\\PCSE\\AppData\\Local\\Temp\\rust_mozprofileFZur94\\search.json.mozlz4", (void 0)))
1627187795072	Marionette	INFO	Listening on port 57082

###!!! [Child][MessageChannel] Error: (msgtype=0x39009A,name=PContent::Msg_InitBackground) Channel closing: too late to send/recv, messages will be lost


###!!! [Child][MessageChannel] Error: (msgtype=0x39009A,name=PContent::Msg_InitBackground) Channel closing: too late to send/recv, messages will be lost

1627187795568	Marionette	WARN	TLS certificate errors will be ignored for this session
1627187947401	Marionette	INFO	Stopped listening on port 57082
7187921120	mozrunner::runner	INFO	Running command: "C:\\Program Files\\Mozilla Firefox\\firefox.exe" "--marionette" "-foreground" "-no-remote" "-profile" "C:\\Users\\PCSE\\AppData\\Local\\Temp\\rust_mozprofilefT9wOo"
1627187921438	Marionette	INFO	Marionette enabled
console.warn: SearchSettings: "get: No settings file exists, new profile?" (new NotFoundError("Could not open the file at C:\\Users\\PCSE\\AppData\\Local\\Temp\\rust_mozprofilefT9wOo\\search.json.mozlz4", (void 0)))
1627187924491	Marionette	INFO	Listening on port 56398
1627187925445	Marionette	WARN	TLS certificate errors will be ignored for this session
1627187935464	Marionette	INFO	Stopped listening on port 56398
1627187977885	geckodriver	INFO	Listening on 127.0.0.1:53157
1627187980924	mozrunner::runner	INFO	Running command: "C:\\Program Files\\Mozilla Firefox\\firefox.exe" "--marionette" "-foreground" "-no-remote" "-profile" "C:\\Users\\PCSE\\AppData\\Local\\Temp\\rust_mozprofileqrOm6I"
1627187981225	Marionette	INFO	Marionette enabled
console.warn: SearchSettings: "get: No settings file exists, new profile?" (new NotFoundError("Could not open the file at C:\\Users\\PCSE\\AppData\\Local\\Temp\\rust_mozprofileqrOm6I\\search.json.mozlz4", (void 0)))
1627187984159	Marionette	INFO	Listening on port 60948
[Child 74412, IPC I/O Child] WARNING: pipe error: 232: file /builds/worker/checkouts/gecko/ipc/chromium/src/chrome/common/ipc_channel_win.cc:544
1627187984550	Marionette	WARN	TLS certificate errors will be ignored for this session
JavaScript error: resource://gre/actors/AutoCompleteChild.jsm, line 125: Error: Invalid autocomplete selectedIndex
JavaScript error: resource://gre/actors/AutoCompleteChild.jsm, line 125: Error: Invalid autocomplete selectedIndex
JavaScript error: resource://gre/modules/LoginManagerChild.jsm, line 194: NS_ERROR_XPC_JAVASCRIPT_ERROR_WITH_DETAILS: [JavaScript Error: "Invalid autocomplete selectedIndex" {file: "resource://gre/actors/AutoCompleteChild.jsm" line: 125}]'[JavaScript Error: "Invalid autocomplete selectedIndex" {file: "resource://gre/actors/AutoCompleteChild.jsm" line: 125}]' when calling method: [nsIAutoCompletePopup::selectedIndex]
console.error: services.settings: 
  main/doh-providers Signature failed  InvalidSignatureError: Invalid content signature (main/doh-providers)
console.error: services.settings: 
  main/doh-providers local data was corrupted
console.warn: services.settings: main/doh-providers Signature verified failed. Retry from scratch
console.error: services.settings: 
  main/doh-config Signature failed  InvalidSignatureError: Invalid content signature (main/doh-config)
console.error: services.settings: 
  main/doh-config local data was corrupted
console.warn: services.settings: main/doh-config Signature verified failed. Retry from scratch
console.log: WebExtensions: reset-default-search: starting.
console.log: WebExtensions: reset-default-search: No addons in our list are installed.
NetworkHelper.getReasonsForWeakness threw an exception: STATE_IS_BROKEN without a known reason. Full state was: 1
console.error: "STATE_IS_BROKEN without a known reason. Full state was: 1"
NetworkHelper.getReasonsForWeakness threw an exception: STATE_IS_BROKEN without a known reason. Full state was: 1
console.error: "STATE_IS_BROKEN without a known reason. Full state was: 1"
NetworkHelper.getReasonsForWeakness threw an exception: STATE_IS_BROKEN without a known reason. Full state was: 1
console.error: "STATE_IS_BROKEN without a known reason. Full state was: 1"
NetworkHelper.getReasonsForWeakness threw an exception: STATE_IS_BROKEN without a known reason. Full state was: 1
console.error: "STATE_IS_BROKEN without a known reason. Full state was: 1"
NetworkHelper.getReasonsForWeakness threw an exception: STATE_IS_BROKEN without a known reason. Full state was: 1
console.error: "STATE_IS_BROKEN without a known reason. Full state was: 1"
NetworkHelper.getReasonsForWeakness threw an exception: STATE_IS_BROKEN without a known reason. Full state was: 1
console.error: "STATE_IS_BROKEN without a known reason. Full state was: 1"
NetworkHelper.getReasonsForWeakness threw an exception: STATE_IS_BROKEN without a known reason. Full state was: 1
console.error: "STATE_IS_BROKEN without a known reason. Full state was: 1"
NetworkHelper.getReasonsForWeakness threw an exception: STATE_IS_BROKEN without a known reason. Full state was: 1
console.error: "STATE_IS_BROKEN without a known reason. Full state was: 1"
NetworkHelper.getReasonsForWeakness threw an exception: STATE_IS_BROKEN without a known reason. Full state was: 1
console.error: "STATE_IS_BROKEN without a known reason. Full state was: 1"
console.error: "Error writing request: getGrids"
NetworkHelper.getReasonsForWeakness threw an exception: STATE_IS_BROKEN without a known reason. Full state was: 1
console.error: "STATE_IS_BROKEN without a known reason. Full state was: 1"
NetworkHelper.getReasonsForWeakness threw an exception: STATE_IS_BROKEN without a known reason. Full state was: 1
console.error: "STATE_IS_BROKEN without a known reason. Full state was: 1"
NetworkHelper.getReasonsForWeakness threw an exception: STATE_IS_BROKEN without a known reason. Full state was: 1
console.error: "STATE_IS_BROKEN without a known reason. Full state was: 1"
NetworkHelper.getReasonsForWeakness threw an exception: STATE_IS_BROKEN without a known reason. Full state was: 1
console.error: "STATE_IS_BROKEN without a known reason. Full state was: 1"
NetworkHelper.getReasonsForWeakness threw an exception: STATE_IS_BROKEN without a known reason. Full state was: 1
console.error: "STATE_IS_BROKEN without a known reason. Full state was: 1"
NetworkHelper.getReasonsForWeakness threw an exception: STATE_IS_BROKEN without a known reason. Full state was: 1
console.error: "STATE_IS_BROKEN without a known reason. Full state was: 1"
NetworkHelper.getReasonsForWeakness threw an exception: STATE_IS_BROKEN without a known reason. Full state was: 1
console.error: "STATE_IS_BROKEN without a known reason. Full state was: 1"
NetworkHelper.getReasonsForWeakness threw an exception: STATE_IS_BROKEN without a known reason. Full state was: 1
console.error: "STATE_IS_BROKEN without a known reason. Full state was: 1"
NetworkHelper.getReasonsForWeakness threw an exception: STATE_IS_BROKEN without a known reason. Full state was: 1
console.error: "STATE_IS_BROKEN without a known reason. Full state was: 1"
NetworkHelper.getReasonsForWeakness threw an exception: STATE_IS_BROKEN without a known reason. Full state was: 1
console.error: "STATE_IS_BROKEN without a known reason. Full state was: 1"
NetworkHelper.getReasonsForWeakness threw an exception: STATE_IS_BROKEN without a known reason. Full state was: 1
console.error: "STATE_IS_BROKEN without a known reason. Full state was: 1"
NetworkHelper.getReasonsForWeakness threw an exception: STATE_IS_BROKEN without a known reason. Full state was: 1
console.error: "STATE_IS_BROKEN without a known reason. Full state was: 1"
NetworkHelper.getReasonsForWeakness threw an exception: STATE_IS_BROKEN without a known reason. Full state was: 1
console.error: "STATE_IS_BROKEN without a known reason. Full state was: 1"
NetworkHelper.getReasonsForWeakness threw an exception: STATE_IS_BROKEN without a known reason. Full state was: 1
console.error: "STATE_IS_BROKEN without a known reason. Full state was: 1"
NetworkHelper.getReasonsForWeakness threw an exception: STATE_IS_BROKEN without a known reason. Full state was: 1
console.error: "STATE_IS_BROKEN without a known reason. Full state was: 1"
NetworkHelper.getReasonsForWeakness threw an exception: STATE_IS_BROKEN without a known reason. Full state was: 1
console.error: "STATE_IS_BROKEN without a known reason. Full state was: 1"
NetworkHelper.getReasonsForWeakness threw an exception: STATE_IS_BROKEN without a known reason. Full state was: 1
console.error: "STATE_IS_BROKEN without a known reason. Full state was: 1"
NetworkHelper.getReasonsForWeakness threw an exception: STATE_IS_BROKEN without a known reason. Full state was: 1
console.error: "STATE_IS_BROKEN without a known reason. Full state was: 1"
NetworkHelper.getReasonsForWeakness threw an exception: STATE_IS_BROKEN without a known reason. Full state was: 1
console.error: "STATE_IS_BROKEN without a known reason. Full state was: 1"
NetworkHelper.getReasonsForWeakness threw an exception: STATE_IS_BROKEN without a known reason. Full state was: 1
console.error: "STATE_IS_BROKEN without a known reason. Full state was: 1"
console.error: "Error writing request: getGrids"
NetworkHelper.getReasonsForWeakness threw an exception: STATE_IS_BROKEN without a known reason. Full state was: 1
console.error: "STATE_IS_BROKEN without a known reason. Full state was: 1"
NetworkHelper.getReasonsForWeakness threw an exception: STATE_IS_BROKEN without a known reason. Full state was: 1
console.error: "STATE_IS_BROKEN without a known reason. Full state was: 1"
NetworkHelper.getReasonsForWeakness threw an exception: STATE_IS_BROKEN without a known reason. Full state was: 1
console.error: "STATE_IS_BROKEN without a known reason. Full state was: 1"
NetworkHelper.getReasonsForWeakness threw an exception: STATE_IS_BROKEN without a known reason. Full state was: 1
console.error: "STATE_IS_BROKEN without a known reason. Full state was: 1"
NetworkHelper.getReasonsForWeakness threw an exception: STATE_IS_BROKEN without a known reason. Full state was: 1
console.error: "STATE_IS_BROKEN without a known reason. Full state was: 1"
NetworkHelper.getReasonsForWeakness threw an exception: STATE_IS_BROKEN without a known reason. Full state was: 1
console.error: "STATE_IS_BROKEN without a known reason. Full state was: 1"
NetworkHelper.getReasonsForWeakness threw an exception: STATE_IS_BROKEN without a known reason. Full state was: 1
console.error: "STATE_IS_BROKEN without a known reason. Full state was: 1"
NetworkHelper.getReasonsForWeakness threw an exception: STATE_IS_BROKEN without a known reason. Full state was: 1
console.error: "STATE_IS_BROKEN without a known reason. Full state was: 1"
NetworkHelper.getReasonsForWeakness threw an exception: STATE_IS_BROKEN without a known reason. Full state was: 1
console.error: "STATE_IS_BROKEN without a known reason. Full state was: 1"
NetworkHelper.getReasonsForWeakness threw an exception: STATE_IS_BROKEN without a known reason. Full state was: 1
console.error: "STATE_IS_BROKEN without a known reason. Full state was: 1"
NetworkHelper.getReasonsForWeakness threw an exception: STATE_IS_BROKEN without a known reason. Full state was: 1
console.error: "STATE_IS_BROKEN without a known reason. Full state was: 1"
NetworkHelper.getReasonsForWeakness threw an exception: STATE_IS_BROKEN without a known reason. Full state was: 1
console.error: "STATE_IS_BROKEN without a known reason. Full state was: 1"
NetworkHelper.getReasonsForWeakness threw an exception: STATE_IS_BROKEN without a known reason. Full state was: 1
console.error: "STATE_IS_BROKEN without a known reason. Full state was: 1"
NetworkHelper.getReasonsForWeakness threw an exception: STATE_IS_BROKEN without a known reason. Full state was: 1
console.error: "STATE_IS_BROKEN without a known reason. Full state was: 1"
NetworkHelper.getReasonsForWeakness threw an exception: STATE_IS_BROKEN without a known reason. Full state was: 1
console.error: "STATE_IS_BROKEN without a known reason. Full state was: 1"
NetworkHelper.getReasonsForWeakness threw an exception: STATE_IS_BROKEN without a known reason. Full state was: 1
console.error: "STATE_IS_BROKEN without a known reason. Full state was: 1"
NetworkHelper.getReasonsForWeakness threw an exception: STATE_IS_BROKEN without a known reason. Full state was: 1
console.error: "STATE_IS_BROKEN without a known reason. Full state was: 1"
NetworkHelper.getReasonsForWeakness threw an exception: STATE_IS_BROKEN without a known reason. Full state was: 1
console.error: "STATE_IS_BROKEN without a known reason. Full state was: 1"
NetworkHelper.getReasonsForWeakness threw an exception: STATE_IS_BROKEN without a known reason. Full state was: 1
console.error: "STATE_IS_BROKEN without a known reason. Full state was: 1"
NetworkHelper.getReasonsForWeakness threw an exception: STATE_IS_BROKEN without a known reason. Full state was: 1
console.error: "STATE_IS_BROKEN without a known reason. Full state was: 1"
NetworkHelper.getReasonsForWeakness threw an exception: STATE_IS_BROKEN without a known reason. Full state was: 1
console.error: "STATE_IS_BROKEN without a known reason. Full state was: 1"
NetworkHelper.getReasonsForWeakness threw an exception: STATE_IS_BROKEN without a known reason. Full state was: 1
console.error: "STATE_IS_BROKEN without a known reason. Full state was: 1"
NetworkHelper.getReasonsForWeakness threw an exception: STATE_IS_BROKEN without a known reason. Full state was: 1
console.error: "STATE_IS_BROKEN without a known reason. Full state was: 1"
NetworkHelper.getReasonsForWeakness threw an exception: STATE_IS_BROKEN without a known reason. Full state was: 1
console.error: "STATE_IS_BROKEN without a known reason. Full state was: 1"
1627191214759	Marionette	INFO	Stopped listening on port 60948

###!!! [Child][RunMessage] Error: Channel closing: too late to send/recv, messages will be lost

